c:\users\john\documents\dev\runescmconverter\intermediate\scmtool\debug\vc120.pdb
c:\users\john\documents\dev\runescmconverter\intermediate\scmtool\debug\vc120.idb
c:\users\john\documents\dev\runescmconverter\intermediate\scmtool\debug\scmfbxprocessmesh.obj
c:\users\john\documents\dev\runescmconverter\intermediate\scmtool\debug\scmfbxprocessor.obj
c:\users\john\documents\dev\runescmconverter\intermediate\scmtool\debug\scmfbxprocesssequence.obj
c:\users\john\documents\dev\runescmconverter\intermediate\scmtool\debug\scmmain.obj
c:\users\john\documents\dev\runescmconverter\intermediate\scmtool\debug\scmpathobj.obj
c:\users\john\documents\dev\runescmconverter\intermediate\scmtool\debug\scmscmserializer.obj
c:\users\john\documents\dev\runescmconverter\bin\debug\scmtool.ilk
c:\users\john\documents\dev\runescmconverter\bin\debug\scmtool.exe
c:\users\john\documents\dev\runescmconverter\bin\debug\scmtool.pdb
c:\users\john\documents\dev\runescmconverter\msvs2013\runescmconverter\\..\..\bin\debug\scmtool.pdb
c:\users\john\documents\dev\runescmconverter\msvs2013\runescmconverter\\..\..\bin\debug\scmtool.exe
c:\users\john\documents\dev\runescmconverter\msvs2013\runescmconverter\\..\..\bin\debug\scmtool.ilk
c:\users\john\documents\dev\runescmconverter\intermediate\scmtool\debug\scmtool.tlog\cl.command.1.tlog
c:\users\john\documents\dev\runescmconverter\intermediate\scmtool\debug\scmtool.tlog\cl.read.1.tlog
c:\users\john\documents\dev\runescmconverter\intermediate\scmtool\debug\scmtool.tlog\cl.write.1.tlog
c:\users\john\documents\dev\runescmconverter\intermediate\scmtool\debug\scmtool.tlog\link.command.1.tlog
c:\users\john\documents\dev\runescmconverter\intermediate\scmtool\debug\scmtool.tlog\link.read.1.tlog
c:\users\john\documents\dev\runescmconverter\intermediate\scmtool\debug\scmtool.tlog\link.write.1.tlog
