Build started 7/28/2015 10:18:26 PM.
     1>Project "C:\Users\John\Documents\Dev\RuneScmConverter\msvs2013\RuneScmConverter\ScmTool\ScmTool.vcxproj" on node 2 (Build target(s)).
     1>C:\Program Files (x86)\MSBuild\Microsoft.Cpp\v4.0\V120\Microsoft.CppBuild.targets(357,5): warning MSB8004: Output Directory does not end with a trailing slash.  This build instance will add the slash as it is required to allow proper evaluation of the Output Directory.
     1>ClCompile:
         C:\Program Files (x86)\Microsoft Visual Studio 12.0\VC\bin\CL.exe /c /ZI /nologo /W3 /WX- /sdl /Od /Oy- /D _MBCS /Gm /EHsc /RTC1 /MTd /GS /fp:precise /Zc:wchar_t /Zc:forScope /Fo"C:\Users\John\Documents\Dev\RuneScmConverter\msvs2013\RuneScmConverter\\..\..\intermediate\ScmTool\Debug\\" /Fd"C:\Users\John\Documents\Dev\RuneScmConverter\msvs2013\RuneScmConverter\\..\..\intermediate\ScmTool\Debug\vc120.pdb" /Gd /TP /analyze- /errorReport:prompt ..\..\..\source\scmFbxProcessMesh.cpp
         scmFbxProcessMesh.cpp
     1>c:\users\john\documents\dev\runescmconverter\include\scmutility.h(19): warning C4244: '=' : conversion from 'double' to 'float_t', possible loss of data
     1>c:\users\john\documents\dev\runescmconverter\include\scmutility.h(22): warning C4244: 'return' : conversion from 'double' to 'float_t', possible loss of data
     1>c:\users\john\documents\dev\runescmconverter\include\scmutility.h(27): warning C4305: 'initializing' : truncation from 'double' to 'float'
     1>c:\users\john\documents\dev\runescmconverter\include\scmutility.h(49): warning C4309: 'return' : truncation of constant value
     1>c:\users\john\documents\dev\runescmconverter\source\scmfbxprocessmesh.cpp(121): warning C4244: 'argument' : conversion from 'fbxsdk_2015_1::FbxDouble' to 'float_t', possible loss of data
     1>c:\users\john\documents\dev\runescmconverter\source\scmfbxprocessmesh.cpp(280): warning C4244: '=' : conversion from 'fbxsdk_2015_1::FbxDouble' to 'float_t', possible loss of data
     1>c:\users\john\documents\dev\runescmconverter\source\scmfbxprocessmesh.cpp(281): warning C4244: '=' : conversion from 'fbxsdk_2015_1::FbxDouble' to 'float_t', possible loss of data
     1>c:\users\john\documents\dev\runescmconverter\source\scmfbxprocessmesh.cpp(282): warning C4244: '=' : conversion from 'fbxsdk_2015_1::FbxDouble' to 'float_t', possible loss of data
     1>c:\users\john\documents\dev\runescmconverter\source\scmfbxprocessmesh.cpp(297): warning C4244: '=' : conversion from 'fbxsdk_2015_1::FbxDouble' to 'float_t', possible loss of data
     1>c:\users\john\documents\dev\runescmconverter\source\scmfbxprocessmesh.cpp(298): warning C4244: '=' : conversion from 'fbxsdk_2015_1::FbxDouble' to 'float_t', possible loss of data
     1>c:\users\john\documents\dev\runescmconverter\source\scmfbxprocessmesh.cpp(299): warning C4244: '=' : conversion from 'fbxsdk_2015_1::FbxDouble' to 'float_t', possible loss of data
     1>c:\users\john\documents\dev\runescmconverter\source\scmfbxprocessmesh.cpp(373): warning C4244: '=' : conversion from 'fbxsdk_2015_1::FbxDouble' to 'float_t', possible loss of data
     1>c:\users\john\documents\dev\runescmconverter\source\scmfbxprocessmesh.cpp(374): warning C4244: '=' : conversion from 'fbxsdk_2015_1::FbxDouble' to 'float_t', possible loss of data
     1>c:\users\john\documents\dev\runescmconverter\source\scmfbxprocessmesh.cpp(380): warning C4244: '=' : conversion from 'fbxsdk_2015_1::FbxDouble' to 'float_t', possible loss of data
     1>c:\users\john\documents\dev\runescmconverter\source\scmfbxprocessmesh.cpp(381): warning C4244: '=' : conversion from 'fbxsdk_2015_1::FbxDouble' to 'float_t', possible loss of data
     1>c:\users\john\documents\dev\runescmconverter\source\scmfbxprocessmesh.cpp(387): warning C4244: '=' : conversion from 'fbxsdk_2015_1::FbxDouble' to 'float_t', possible loss of data
     1>c:\users\john\documents\dev\runescmconverter\source\scmfbxprocessmesh.cpp(388): warning C4244: '=' : conversion from 'fbxsdk_2015_1::FbxDouble' to 'float_t', possible loss of data
     1>c:\users\john\documents\dev\runescmconverter\source\scmfbxprocessmesh.cpp(540): warning C4018: '<' : signed/unsigned mismatch
       Link:
         C:\Program Files (x86)\Microsoft Visual Studio 12.0\VC\bin\link.exe /ERRORREPORT:PROMPT /OUT:"C:\Users\John\Documents\Dev\RuneScmConverter\msvs2013\RuneScmConverter\\..\..\bin\Debug\ScmTool.exe" /INCREMENTAL /NOLOGO "libfbxsdk-mt.lib" kernel32.lib user32.lib gdi32.lib winspool.lib comdlg32.lib advapi32.lib shell32.lib ole32.lib oleaut32.lib uuid.lib odbc32.lib odbccp32.lib /MANIFEST /MANIFESTUAC:"level='asInvoker' uiAccess='false'" /manifest:embed /DEBUG /PDB:"C:\Users\John\Documents\Dev\RuneScmConverter\msvs2013\RuneScmConverter\\..\..\bin\Debug\ScmTool.pdb" /TLBID:1 /DYNAMICBASE /NXCOMPAT /IMPLIB:"C:\Users\John\Documents\Dev\RuneScmConverter\msvs2013\RuneScmConverter\\..\..\bin\Debug\ScmTool.lib" /MACHINE:X86 C:\Users\John\Documents\Dev\RuneScmConverter\msvs2013\RuneScmConverter\\..\..\intermediate\ScmTool\Debug\scmFbxProcessMesh.obj
         C:\Users\John\Documents\Dev\RuneScmConverter\msvs2013\RuneScmConverter\\..\..\intermediate\ScmTool\Debug\scmFbxProcessor.obj
         C:\Users\John\Documents\Dev\RuneScmConverter\msvs2013\RuneScmConverter\\..\..\intermediate\ScmTool\Debug\scmFbxProcessSequence.obj
         C:\Users\John\Documents\Dev\RuneScmConverter\msvs2013\RuneScmConverter\\..\..\intermediate\ScmTool\Debug\scmMain.obj
         C:\Users\John\Documents\Dev\RuneScmConverter\msvs2013\RuneScmConverter\\..\..\intermediate\ScmTool\Debug\scmPathObj.obj
         C:\Users\John\Documents\Dev\RuneScmConverter\msvs2013\RuneScmConverter\\..\..\intermediate\ScmTool\Debug\scmScmSerializer.obj
         ScmTool.vcxproj -> C:\Users\John\Documents\Dev\RuneScmConverter\msvs2013\RuneScmConverter\\..\..\bin\Debug\ScmTool.exe
     1>Done Building Project "C:\Users\John\Documents\Dev\RuneScmConverter\msvs2013\RuneScmConverter\ScmTool\ScmTool.vcxproj" (Build target(s)).

Build succeeded.

Time Elapsed 00:00:02.68
