Build started 7/20/2015 7:49:34 PM.
     1>Project "C:\Users\John\Documents\Dev\RuneScmConverter\msvs2013\RuneScmConverter\RuneScmConverter\RuneScmConverter.vcxproj" on node 2 (Rebuild target(s)).
     1>C:\Program Files (x86)\MSBuild\Microsoft.Cpp\v4.0\V120\Microsoft.CppBuild.targets(357,5): warning MSB8004: Output Directory does not end with a trailing slash.  This build instance will add the slash as it is required to allow proper evaluation of the Output Directory.
     1>C:\Program Files (x86)\MSBuild\Microsoft.Cpp\v4.0\V120\Microsoft.CppBuild.targets(381,5): warning MSB8028: The intermediate directory (C:\Users\John\Documents\Dev\RuneScmConverter\msvs2013\RuneScmConverter\\..\..\intermediate\Debug\) contains files shared from another project (ScmTool.vcxproj).  This can lead to incorrect clean and rebuild behavior.
     1>ClCompile:
         C:\Program Files (x86)\Microsoft Visual Studio 12.0\VC\bin\CL.exe /c /ZI /nologo /W3 /WX- /sdl /Od /Oy- /D _MBCS /Gm /EHsc /RTC1 /MTd /GS /fp:precise /Zc:wchar_t /Zc:forScope /Fo"C:\Users\John\Documents\Dev\RuneScmConverter\msvs2013\RuneScmConverter\\..\..\intermediate\Debug\\" /Fd"C:\Users\John\Documents\Dev\RuneScmConverter\msvs2013\RuneScmConverter\\..\..\intermediate\Debug\vc120.pdb" /Gd /TP /analyze- /errorReport:prompt ..\..\..\source\ImportFBX.cpp ..\..\..\source\main.cpp ..\..\..\source\SCMBuilder.cpp ..\..\..\source\UPackageReader.cpp
         UPackageReader.cpp
         SCMBuilder.cpp
     1>c:\users\john\documents\dev\runescmconverter\include\scmbuilder.h(49): warning C4091: 'static ' : ignored on left of 'ScmBuilder' when no variable is declared
     1>c:\users\john\documents\dev\runescmconverter\source\scmbuilder.cpp(224): warning C4018: '<' : signed/unsigned mismatch
     1>c:\users\john\documents\dev\runescmconverter\source\scmbuilder.cpp(244): warning C4018: '<' : signed/unsigned mismatch
     1>c:\users\john\documents\dev\runescmconverter\source\scmbuilder.cpp(455): warning C4018: '<' : signed/unsigned mismatch
     1>c:\users\john\documents\dev\runescmconverter\source\scmbuilder.cpp(475): warning C4018: '<' : signed/unsigned mismatch
         main.cpp
     1>c:\users\john\documents\dev\runescmconverter\include\scmbuilder.h(49): warning C4091: 'static ' : ignored on left of 'ScmBuilder' when no variable is declared
         ImportFBX.cpp
     1>c:\users\john\documents\dev\runescmconverter\include\scmbuilder.h(49): warning C4091: 'static ' : ignored on left of 'ScmBuilder' when no variable is declared
     1>c:\users\john\documents\dev\runescmconverter\source\importfbx.cpp(106): warning C4018: '<' : signed/unsigned mismatch
     1>c:\users\john\documents\dev\runescmconverter\source\importfbx.cpp(164): warning C4018: '<' : signed/unsigned mismatch
     1>c:\users\john\documents\dev\runescmconverter\source\importfbx.cpp(89): warning C4101: 'fbxLayerCount' : unreferenced local variable
     1>c:\users\john\documents\dev\runescmconverter\source\importfbx.cpp(292): warning C4244: '=' : conversion from 'fbxsdk_2015_1::FbxDouble' to 'float', possible loss of data
     1>c:\users\john\documents\dev\runescmconverter\source\importfbx.cpp(293): warning C4244: '=' : conversion from 'fbxsdk_2015_1::FbxDouble' to 'float', possible loss of data
     1>c:\users\john\documents\dev\runescmconverter\source\importfbx.cpp(294): warning C4244: '=' : conversion from 'fbxsdk_2015_1::FbxDouble' to 'float', possible loss of data
     1>c:\users\john\documents\dev\runescmconverter\source\importfbx.cpp(326): warning C4018: '<' : signed/unsigned mismatch
     1>c:\users\john\documents\dev\runescmconverter\source\importfbx.cpp(498): warning C4018: '<' : signed/unsigned mismatch
         Generating Code...
       Link:
         C:\Program Files (x86)\Microsoft Visual Studio 12.0\VC\bin\link.exe /ERRORREPORT:PROMPT /OUT:"C:\Users\John\Documents\Dev\RuneScmConverter\msvs2013\RuneScmConverter\\..\..\bin\Debug\RuneScmConverter.exe" /INCREMENTAL /NOLOGO "libfbxsdk-mt.lib" kernel32.lib user32.lib gdi32.lib winspool.lib comdlg32.lib advapi32.lib shell32.lib ole32.lib oleaut32.lib uuid.lib odbc32.lib odbccp32.lib /MANIFEST /MANIFESTUAC:"level='asInvoker' uiAccess='false'" /manifest:embed /DEBUG /PDB:"C:\Users\John\Documents\Dev\RuneScmConverter\msvs2013\RuneScmConverter\\..\..\bin\Debug\RuneScmConverter.pdb" /TLBID:1 /DYNAMICBASE /NXCOMPAT /IMPLIB:"C:\Users\John\Documents\Dev\RuneScmConverter\msvs2013\RuneScmConverter\\..\..\bin\Debug\RuneScmConverter.lib" /MACHINE:X86 C:\Users\John\Documents\Dev\RuneScmConverter\msvs2013\RuneScmConverter\\..\..\intermediate\Debug\ImportFBX.obj
         C:\Users\John\Documents\Dev\RuneScmConverter\msvs2013\RuneScmConverter\\..\..\intermediate\Debug\main.obj
         C:\Users\John\Documents\Dev\RuneScmConverter\msvs2013\RuneScmConverter\\..\..\intermediate\Debug\SCMBuilder.obj
         C:\Users\John\Documents\Dev\RuneScmConverter\msvs2013\RuneScmConverter\\..\..\intermediate\Debug\UPackageReader.obj
         RuneScmConverter.vcxproj -> C:\Users\John\Documents\Dev\RuneScmConverter\msvs2013\RuneScmConverter\\..\..\bin\Debug\RuneScmConverter.exe
     1>Done Building Project "C:\Users\John\Documents\Dev\RuneScmConverter\msvs2013\RuneScmConverter\RuneScmConverter\RuneScmConverter.vcxproj" (Rebuild target(s)).

Build succeeded.

Time Elapsed 00:00:04.34
