Build started 7/13/2015 7:32:07 PM.
     1>Project "C:\Users\John\Documents\Dev\RuneScmConverter\msvs2013\RuneScmConverter\ScmTool\ScmTool.vcxproj" on node 3 (Rebuild target(s)).
     1>C:\Program Files (x86)\MSBuild\Microsoft.Cpp\v4.0\V120\Microsoft.CppClean.targets(76,5): warning : The process cannot access the file 'c:\users\john\documents\dev\runescmconverter\intermediate\debug\vc120.pdb' because it is being used by another process.
     1>C:\Program Files (x86)\MSBuild\Microsoft.Cpp\v4.0\V120\Microsoft.CppClean.targets(76,5): warning : The process cannot access the file 'c:\users\john\documents\dev\runescmconverter\intermediate\debug\vc120.idb' because it is being used by another process.
     1>C:\Program Files (x86)\MSBuild\Microsoft.Cpp\v4.0\V120\Microsoft.CppBuild.targets(357,5): warning MSB8004: Output Directory does not end with a trailing slash.  This build instance will add the slash as it is required to allow proper evaluation of the Output Directory.
     1>C:\Program Files (x86)\MSBuild\Microsoft.Cpp\v4.0\V120\Microsoft.CppBuild.targets(381,5): warning MSB8028: The intermediate directory (C:\Users\John\Documents\Dev\RuneScmConverter\msvs2013\RuneScmConverter\\..\..\intermediate\Debug\) contains files shared from another project (RuneScmConverter.vcxproj).  This can lead to incorrect clean and rebuild behavior.
     1>ClCompile:
         C:\Program Files (x86)\Microsoft Visual Studio 12.0\VC\bin\CL.exe /c /ZI /nologo /W3 /WX- /sdl /Od /Oy- /D _MBCS /Gm /EHsc /RTC1 /MTd /GS /fp:precise /Zc:wchar_t /Zc:forScope /Fo"C:\Users\John\Documents\Dev\RuneScmConverter\msvs2013\RuneScmConverter\\..\..\intermediate\Debug\\" /Fd"C:\Users\John\Documents\Dev\RuneScmConverter\msvs2013\RuneScmConverter\\..\..\intermediate\Debug\vc120.pdb" /Gd /TP /analyze- /errorReport:prompt ..\..\..\source\scmFbxProcessor.cpp ..\..\..\source\scmMain.cpp ..\..\..\source\scmPathObj.cpp ..\..\..\source\scmScmSerializer.cpp
     1>cl : Command line warning D9028: minimal rebuild failure, reverting to normal build
         scmFbxProcessor.cpp
     1>c:\users\john\documents\dev\runescmconverter\source\scmfbxprocessor.cpp : fatal error C1041: cannot open program database 'c:\users\john\documents\dev\runescmconverter\intermediate\debug\vc120.pdb'; if multiple CL.EXE write to the same .PDB file, please use /FS
         scmMain.cpp
     1>c:\users\john\documents\dev\runescmconverter\source\scmmain.cpp : fatal error C1041: cannot open program database 'c:\users\john\documents\dev\runescmconverter\intermediate\debug\vc120.pdb'; if multiple CL.EXE write to the same .PDB file, please use /FS
         scmPathObj.cpp
     1>c:\users\john\documents\dev\runescmconverter\source\scmpathobj.cpp : fatal error C1041: cannot open program database 'c:\users\john\documents\dev\runescmconverter\intermediate\debug\vc120.pdb'; if multiple CL.EXE write to the same .PDB file, please use /FS
         scmScmSerializer.cpp
     1>c:\users\john\documents\dev\runescmconverter\source\scmscmserializer.cpp : fatal error C1041: cannot open program database 'c:\users\john\documents\dev\runescmconverter\intermediate\debug\vc120.pdb'; if multiple CL.EXE write to the same .PDB file, please use /FS
         Generating Code...
     1>Done Building Project "C:\Users\John\Documents\Dev\RuneScmConverter\msvs2013\RuneScmConverter\ScmTool\ScmTool.vcxproj" (Rebuild target(s)) -- FAILED.

Build FAILED.

Time Elapsed 00:00:00.20
